<?xml version="1.0" encoding="UTF-8"?>
<!-- Generated by org.testng.reporters.JUnitXMLReporter -->
<testsuite ignored="4" hostname="DESKTOP-AB6BR8M" failures="1" tests="2" name="Surefire test" time="63.047" errors="0" timestamp="2024-03-25T10:16:03 IST">
  <testcase classname="TestScripts.DeleteAddress_Test" name="delete" time="50.742"/>
  <testcase classname="TestScripts.Working_With_addAddress_Test" name="addAddress" time="0.331">
    <failure type="org.openqa.selenium.NoSuchElementException" message="Unable to find element with locator By.id: loginBtn
For documentation on this error, please visit: https://www.selenium.dev/documentation/webdriver/troubleshooting/errors#no-such-element-exception
Build info: version: &amp;apos;4.18.1&amp;apos;, revision: &amp;apos;b1d3319b48&amp;apos;
System info: os.name: &amp;apos;Windows 11&amp;apos;, os.arch: &amp;apos;amd64&amp;apos;, os.version: &amp;apos;10.0&amp;apos;, java.version: &amp;apos;17.0.6&amp;apos;
Driver info: driver.version: RemoteWebDriver">
      <![CDATA[org.openqa.selenium.NoSuchElementException: Unable to find element with locator By.id: loginBtn
For documentation on this error, please visit: https://www.selenium.dev/documentation/webdriver/troubleshooting/errors#no-such-element-exception
Build info: version: '4.18.1', revision: 'b1d3319b48'
System info: os.name: 'Windows 11', os.arch: 'amd64', os.version: '10.0', java.version: '17.0.6'
Driver info: driver.version: RemoteWebDriver
at org.openqa.selenium.remote.ElementLocation$ElementFinder$2.findElement(ElementLocation.java:168)
at org.openqa.selenium.remote.ElementLocation.findElement(ElementLocation.java:66)
at org.openqa.selenium.remote.RemoteWebDriver.findElement(RemoteWebDriver.java:356)
at org.openqa.selenium.remote.RemoteWebDriver.findElement(RemoteWebDriver.java:350)
at org.openqa.selenium.support.pagefactory.DefaultElementLocator.findElement(DefaultElementLocator.java:68)
at org.openqa.selenium.support.pagefactory.internal.LocatingElementHandler.invoke(LocatingElementHandler.java:38)
at jdk.proxy2/jdk.proxy2.$Proxy15.click(Unknown Source)
at TestScripts.Working_With_addAddress_Test.addAddress(Working_With_addAddress_Test.java:25)
at java.base/java.util.ArrayList.forEach(ArrayList.java:1511)
... Removed 32 stack frames]]>
    </failure>
  </testcase> <!-- addAddress -->
  <testcase classname="Generic.BaseClass" name="@BeforeSuite bs" time="0.0">
    <ignored/>
  </testcase> <!-- @BeforeSuite bs -->
  <testcase classname="Generic.BaseClass" name="@BeforeTest bt" time="0.0">
    <ignored/>
  </testcase> <!-- @BeforeTest bt -->
  <testcase classname="Generic.BaseClass" name="@AfterSuite as" time="0.0">
    <ignored/>
  </testcase> <!-- @AfterSuite as -->
  <testcase classname="Generic.BaseClass" name="@AfterTest at" time="0.0">
    <ignored/>
  </testcase> <!-- @AfterTest at -->
</testsuite> <!-- Surefire test -->
