<?xml version="1.0" encoding="UTF-8"?>
<testng-results ignored="0" total="1" passed="1" failed="0" skipped="0">
  <reporter-output>
  </reporter-output>
  <suite started-at="2024-03-25T10:16:08 IST" name="Default suite" finished-at="2024-03-25T10:16:27 IST" duration-ms="18810">
    <groups>
    </groups>
    <test started-at="2024-03-25T10:16:08 IST" name="Default test" finished-at="2024-03-25T10:16:27 IST" duration-ms="18810">
      <class name="TestScripts.Working_With_addAddress_Test">
        <test-method is-config="true" signature="bs()[pri:0, instance:TestScripts.Working_With_addAddress_Test@74235045]" started-at="2024-03-25T10:16:08 IST" name="bs" finished-at="2024-03-25T10:16:08 IST" duration-ms="12" status="PASS">
          <reporter-output>
          </reporter-output>
        </test-method> <!-- bs -->
        <test-method is-config="true" signature="bt()[pri:0, instance:TestScripts.Working_With_addAddress_Test@74235045]" started-at="2024-03-25T10:16:08 IST" name="bt" finished-at="2024-03-25T10:16:08 IST" duration-ms="0" status="PASS">
          <reporter-output>
          </reporter-output>
        </test-method> <!-- bt -->
        <test-method is-config="true" signature="bc()[pri:0, instance:TestScripts.Working_With_addAddress_Test@74235045]" started-at="2024-03-25T10:16:08 IST" name="bc" finished-at="2024-03-25T10:16:11 IST" duration-ms="3014" status="PASS">
          <reporter-output>
          </reporter-output>
        </test-method> <!-- bc -->
        <test-method is-config="true" signature="bm()[pri:0, instance:TestScripts.Working_With_addAddress_Test@74235045]" started-at="2024-03-25T10:16:11 IST" name="bm" finished-at="2024-03-25T10:16:11 IST" duration-ms="1" status="PASS">
          <reporter-output>
          </reporter-output>
        </test-method> <!-- bm -->
        <test-method signature="addAddress()[pri:0, instance:TestScripts.Working_With_addAddress_Test@74235045]" started-at="2024-03-25T10:16:11 IST" name="addAddress" finished-at="2024-03-25T10:16:24 IST" duration-ms="12554" status="PASS">
          <reporter-output>
          </reporter-output>
        </test-method> <!-- addAddress -->
        <test-method is-config="true" signature="am()[pri:0, instance:TestScripts.Working_With_addAddress_Test@74235045]" started-at="2024-03-25T10:16:24 IST" name="am" finished-at="2024-03-25T10:16:24 IST" duration-ms="2" status="PASS">
          <reporter-output>
          </reporter-output>
        </test-method> <!-- am -->
        <test-method is-config="true" signature="ac()[pri:0, instance:TestScripts.Working_With_addAddress_Test@74235045]" started-at="2024-03-25T10:16:24 IST" name="ac" finished-at="2024-03-25T10:16:27 IST" duration-ms="3206" status="PASS">
          <reporter-output>
          </reporter-output>
        </test-method> <!-- ac -->
        <test-method is-config="true" signature="at()[pri:0, instance:TestScripts.Working_With_addAddress_Test@74235045]" started-at="2024-03-25T10:16:27 IST" name="at" finished-at="2024-03-25T10:16:27 IST" duration-ms="0" status="PASS">
          <reporter-output>
          </reporter-output>
        </test-method> <!-- at -->
        <test-method is-config="true" signature="as()[pri:0, instance:TestScripts.Working_With_addAddress_Test@74235045]" started-at="2024-03-25T10:16:27 IST" name="as" finished-at="2024-03-25T10:16:27 IST" duration-ms="0" status="PASS">
          <reporter-output>
          </reporter-output>
        </test-method> <!-- as -->
      </class> <!-- TestScripts.Working_With_addAddress_Test -->
    </test> <!-- Default test -->
  </suite> <!-- Default suite -->
</testng-results>
